#
# A fatal error has been detected by the Java Runtime Environment:
#
#  EXCEPTION_ACCESS_VIOLATION (0xc0000005) at pc=0x00007ffd6b5bb96b, pid=31764, tid=0x0000000000003dd4
#
# JRE version: Java(TM) SE Runtime Environment (8.0_192-b12) (build 1.8.0_192-b12)
# Java VM: Java HotSpot(TM) 64-Bit Server VM (25.192-b12 mixed mode windows-amd64 compressed oops)
# Problematic frame:
# C  [ntdll.dll+0xab96b]
#
# Failed to write core dump. Minidumps are not enabled by default on client versions of Windows
#
# If you would like to submit a bug report, please visit:
#   http://bugreport.java.com/bugreport/crash.jsp
# The crash happened outside the Java Virtual Machine in native code.
# See problematic frame for where to report the bug.
#

---------------  T H R E A D  ---------------

Current thread (0x0000000022b1e000):  JavaThread "File Watcher" daemon [_thread_in_native, id=15828, stack(0x0000000024ab0000,0x0000000024bb0000)]

siginfo: ExceptionCode=0xc0000005, reading address 0xffffffffffffffff

Registers:
RAX=0x0f00091a83e8c574, RBX=0x0000000000020007, RCX=0x0000000000000002, RDX=0x000000001fd85e50
RSP=0x0000000024bae750, RBP=0x00007ffd68f68512, RSI=0x000000001fe3f540, RDI=0x0000000000000000
R8 =0x000000001fd85e60, R9 =0x0000000000000064, R10=0x0000000000000003, R11=0x0000000024bae870
R12=0x0000000000000000, R13=0x0000000000a70000, R14=0xffffffffffffffff, R15=0x0000000000000000
RIP=0x00007ffd6b5bb96b, EFLAGS=0x0000000000010213

Top of Stack: (sp=0x0000000024bae750)
0x0000000024bae750:   0000000022b1e000 0000000000000057
0x0000000024bae760:   0000000000000000 0000000000000000
0x0000000024bae770:   0000000024bae840 0000000024bae848
0x0000000024bae780:   000000001fe3f53f 00007ffd00000002
0x0000000024bae790:   0000000025a3c6a0 000000001fd85e50
0x0000000024bae7a0:   000000001fe3f330 0000000000a70000
0x0000000024bae7b0:   0000000000000000 0000000024bae800
0x0000000024bae7c0:   0000000000c400c2 000000001fe3f540
0x0000000024bae7d0:   0000000000000000 00007ffd68fa8fb7
0x0000000024bae7e0:   0000000022b1e000 0000000000000057
0x0000000024bae7f0:   0000000000000000 0000000000000000
0x0000000024bae800:   000000001fe3f540 00007ffd6b54ab01
0x0000000024bae810:   000000001fe3f530 0000000000a70000
0x0000000024bae820:   0000000024bae910 0000000000000000
0x0000000024bae830:   0000000000000000 00007ffd0886cb6a
0x0000000024bae840:   0000000000000003 0000000064fb8cc4 

Instructions: (pc=0x00007ffd6b5bb96b)
0x00007ffd6b5bb94b:   75 11 48 8d 55 10 49 8b c8 e8 b7 70 ff ff e9 ba
0x00007ffd6b5bb95b:   03 00 00 48 8b 6c 24 50 8b 4c 24 38 48 8b 45 28
0x00007ffd6b5bb96b:   48 0f b3 08 66 41 39 38 74 38 49 8b c8 e8 d3 70
0x00007ffd6b5bb97b:   ff ff 44 8b c7 48 85 c0 74 2b 8b 50 fc 41 ff c0 


Register to memory mapping:

RAX=0x0f00091a83e8c574 is an unknown value
RBX=0x0000000000020007 is an unknown value
RCX=0x0000000000000002 is an unknown value
RDX=0x000000001fd85e50 is an unknown value
RSP=0x0000000024bae750 is pointing into the stack for thread: 0x0000000022b1e000
RBP=0x00007ffd68f68512 is an unknown value
RSI=0x000000001fe3f540 is an unknown value
RDI=0x0000000000000000 is an unknown value
R8 =0x000000001fd85e60 is an unknown value
R9 =0x0000000000000064 is an unknown value
R10=0x0000000000000003 is an unknown value
R11=0x0000000024bae870 is pointing into the stack for thread: 0x0000000022b1e000
R12=0x0000000000000000 is an unknown value
R13=0x0000000000a70000 is an unknown value
R14=0xffffffffffffffff is an unknown value
R15=0x0000000000000000 is an unknown value


Stack: [0x0000000024ab0000,0x0000000024bb0000],  sp=0x0000000024bae750,  free space=1017k
Native frames: (J=compiled Java code, j=interpreted, Vv=VM code, C=native code)
C  [ntdll.dll+0xab96b]
C  [ntdll.dll+0x3ab01]
C  [msvcr100.dll+0x68cc4]
C  [java.dll+0xa586]
C  0x0000000002ed6c51

Java frames: (J=compiled Java code, j=interpreted, Vv=VM code)
J 17  java.io.WinNTFileSystem.getBooleanAttributes(Ljava/io/File;)I (0 bytes) @ 0x0000000002ed6bcf [0x0000000002ed6b80+0x4f]
J 4692 C1 java.io.File.isFile()Z (43 bytes) @ 0x00000000036c883c [0x00000000036c8780+0xbc]
J 5126 C1 org.springframework.boot.devtools.filewatch.FileSnapshot.<init>(Ljava/io/File;)V (64 bytes) @ 0x000000000376e20c [0x000000000376e1c0+0x4c]
J 5172 C1 org.springframework.boot.devtools.filewatch.DirectorySnapshot.collectFiles(Ljava/io/File;Ljava/util/Set;)V (99 bytes) @ 0x000000000378322c [0x00000000037830e0+0x14c]
J 5172 C1 org.springframework.boot.devtools.filewatch.DirectorySnapshot.collectFiles(Ljava/io/File;Ljava/util/Set;)V (99 bytes) @ 0x000000000378326c [0x00000000037830e0+0x18c]
J 5172 C1 org.springframework.boot.devtools.filewatch.DirectorySnapshot.collectFiles(Ljava/io/File;Ljava/util/Set;)V (99 bytes) @ 0x000000000378326c [0x00000000037830e0+0x18c]
J 5172 C1 org.springframework.boot.devtools.filewatch.DirectorySnapshot.collectFiles(Ljava/io/File;Ljava/util/Set;)V (99 bytes) @ 0x000000000378326c [0x00000000037830e0+0x18c]
J 5172 C1 org.springframework.boot.devtools.filewatch.DirectorySnapshot.collectFiles(Ljava/io/File;Ljava/util/Set;)V (99 bytes) @ 0x000000000378326c [0x00000000037830e0+0x18c]
J 6985 C1 org.springframework.boot.devtools.filewatch.DirectorySnapshot.<init>(Ljava/io/File;)V (70 bytes) @ 0x0000000003a39414 [0x0000000003a39180+0x294]
J 6988 C1 org.springframework.boot.devtools.filewatch.FileSystemWatcher$Watcher.getCurrentSnapshots()Ljava/util/Map; (63 bytes) @ 0x0000000003a3a1dc [0x0000000003a3a060+0x17c]
J 6989 C1 org.springframework.boot.devtools.filewatch.FileSystemWatcher$Watcher.scan()V (63 bytes) @ 0x0000000003a3aa3c [0x0000000003a3a9c0+0x7c]
j  org.springframework.boot.devtools.filewatch.FileSystemWatcher$Watcher.run()V+30
j  java.lang.Thread.run()V+11
v  ~StubRoutines::call_stub

---------------  P R O C E S S  ---------------

Java Threads: ( => current thread )
  0x0000000022d76000 JavaThread "http-nio-8080-Acceptor" daemon [_thread_in_native, id=23912, stack(0x0000000027180000,0x0000000027280000)]
  0x0000000022d7a800 JavaThread "http-nio-8080-Poller" daemon [_thread_in_native, id=28556, stack(0x0000000027080000,0x0000000027180000)]
  0x0000000022d79000 JavaThread "http-nio-8080-exec-10" daemon [_thread_blocked, id=31916, stack(0x0000000026f80000,0x0000000027080000)]
  0x0000000022d78800 JavaThread "http-nio-8080-exec-9" daemon [_thread_blocked, id=31356, stack(0x0000000026e80000,0x0000000026f80000)]
  0x0000000022d75800 JavaThread "http-nio-8080-exec-8" daemon [_thread_blocked, id=26928, stack(0x0000000026d80000,0x0000000026e80000)]
  0x0000000022d77800 JavaThread "http-nio-8080-exec-7" daemon [_thread_blocked, id=32932, stack(0x0000000026c80000,0x0000000026d80000)]
  0x0000000022d74800 JavaThread "http-nio-8080-exec-6" daemon [_thread_blocked, id=29912, stack(0x0000000026b80000,0x0000000026c80000)]
  0x0000000022d6c800 JavaThread "http-nio-8080-exec-5" daemon [_thread_blocked, id=17512, stack(0x0000000026a80000,0x0000000026b80000)]
  0x0000000022d73000 JavaThread "http-nio-8080-exec-4" daemon [_thread_blocked, id=14632, stack(0x0000000026980000,0x0000000026a80000)]
  0x0000000022d72800 JavaThread "http-nio-8080-exec-3" daemon [_thread_blocked, id=25032, stack(0x00000000254b0000,0x00000000255b0000)]
  0x0000000022d70000 JavaThread "http-nio-8080-exec-2" daemon [_thread_blocked, id=17808, stack(0x00000000253b0000,0x00000000254b0000)]
  0x0000000022b1e800 JavaThread "http-nio-8080-exec-1" daemon [_thread_blocked, id=31640, stack(0x00000000252b0000,0x00000000253b0000)]
  0x0000000022b1c800 JavaThread "File Watcher" daemon [_thread_blocked, id=24100, stack(0x00000000251b0000,0x00000000252b0000)]
  0x0000000022b22800 JavaThread "container-5" [_thread_blocked, id=30456, stack(0x0000000024db0000,0x0000000024eb0000)]
  0x0000000022b20000 JavaThread "Catalina-utility-2" [_thread_blocked, id=30012, stack(0x0000000024cb0000,0x0000000024db0000)]
  0x0000000022b23000 JavaThread "Catalina-utility-1" [_thread_blocked, id=28456, stack(0x0000000024bb0000,0x0000000024cb0000)]
=>0x0000000022b1e000 JavaThread "File Watcher" daemon [_thread_in_native, id=15828, stack(0x0000000024ab0000,0x0000000024bb0000)]
  0x0000000022d6e000 JavaThread "File Watcher" daemon [_thread_blocked, id=32980, stack(0x0000000023eb0000,0x0000000023fb0000)]
  0x0000000022d6f800 JavaThread "File Watcher" daemon [_thread_blocked, id=30412, stack(0x00000000249b0000,0x0000000024ab0000)]
  0x0000000022d6e800 JavaThread "File Watcher" daemon [_thread_blocked, id=21460, stack(0x0000000023fb0000,0x00000000240b0000)]
  0x0000000022d6d000 JavaThread "File Watcher" daemon [_thread_blocked, id=27872, stack(0x0000000000920000,0x0000000000a20000)]
  0x0000000022d71000 JavaThread "DestroyJavaVM" [_thread_blocked, id=33264, stack(0x0000000002830000,0x0000000002930000)]
  0x0000000022b1d000 JavaThread "Live Reload Server" daemon [_thread_in_native, id=14184, stack(0x00000000248b0000,0x00000000249b0000)]
  0x0000000022b1f800 JavaThread "mysql-cj-abandoned-connection-cleanup" daemon [_thread_blocked, id=12492, stack(0x00000000240b0000,0x00000000241b0000)]
  0x0000000022136000 JavaThread "RMI Scheduler(0)" daemon [_thread_blocked, id=4948, stack(0x0000000022db0000,0x0000000022eb0000)]
  0x000000001ffd2000 JavaThread "RMI TCP Accept-0" daemon [_thread_in_native, id=30844, stack(0x0000000021330000,0x0000000021430000)]
  0x000000001fdc0800 JavaThread "Service Thread" daemon [_thread_blocked, id=30444, stack(0x0000000021210000,0x0000000021310000)]
  0x000000001fd74800 JavaThread "C1 CompilerThread11" daemon [_thread_blocked, id=28396, stack(0x0000000021110000,0x0000000021210000)]
  0x000000001fd6c000 JavaThread "C1 CompilerThread10" daemon [_thread_blocked, id=33776, stack(0x0000000021010000,0x0000000021110000)]
  0x000000001fd67000 JavaThread "C1 CompilerThread9" daemon [_thread_blocked, id=30684, stack(0x0000000020f10000,0x0000000021010000)]
  0x000000001fd4e800 JavaThread "C1 CompilerThread8" daemon [_thread_blocked, id=29548, stack(0x0000000020e10000,0x0000000020f10000)]
  0x000000001fd43000 JavaThread "C2 CompilerThread7" daemon [_thread_blocked, id=30228, stack(0x0000000020c10000,0x0000000020d10000)]
  0x000000001fd32800 JavaThread "C2 CompilerThread6" daemon [_thread_blocked, id=20416, stack(0x0000000020b10000,0x0000000020c10000)]
  0x000000001fd0d800 JavaThread "C2 CompilerThread5" daemon [_thread_blocked, id=33364, stack(0x0000000020a10000,0x0000000020b10000)]
  0x000000001fced000 JavaThread "C2 CompilerThread4" daemon [_thread_blocked, id=30152, stack(0x0000000020910000,0x0000000020a10000)]
  0x000000001fcd0000 JavaThread "C2 CompilerThread3" daemon [_thread_blocked, id=21152, stack(0x0000000020810000,0x0000000020910000)]
  0x000000001fccf800 JavaThread "C2 CompilerThread2" daemon [_thread_blocked, id=13068, stack(0x0000000020710000,0x0000000020810000)]
  0x000000001fcce800 JavaThread "C2 CompilerThread1" daemon [_thread_blocked, id=33244, stack(0x0000000020610000,0x0000000020710000)]
  0x000000001fccc000 JavaThread "C2 CompilerThread0" daemon [_thread_blocked, id=28744, stack(0x0000000020510000,0x0000000020610000)]
  0x000000001fcc4800 JavaThread "Monitor Ctrl-Break" daemon [_thread_in_native, id=29532, stack(0x0000000020410000,0x0000000020510000)]
  0x000000001e116000 JavaThread "Attach Listener" daemon [_thread_blocked, id=10140, stack(0x000000001fb00000,0x000000001fc00000)]
  0x000000001e113800 JavaThread "Signal Dispatcher" daemon [_thread_blocked, id=31936, stack(0x000000001fa00000,0x000000001fb00000)]
  0x000000001c638800 JavaThread "Finalizer" daemon [_thread_blocked, id=28752, stack(0x000000001f8f0000,0x000000001f9f0000)]
  0x000000001e096000 JavaThread "Reference Handler" daemon [_thread_blocked, id=32116, stack(0x000000001f7f0000,0x000000001f8f0000)]

Other Threads:
  0x000000001e073000 VMThread [stack: 0x000000001f6f0000,0x000000001f7f0000] [id=30704]
  0x000000001ffd9000 WatcherThread [stack: 0x0000000021430000,0x0000000021530000] [id=30308]

VM state:not at safepoint (normal execution)

VM Mutex/Monitor currently owned by a thread: None

heap address: 0x00000006ca400000, size: 3932 MB, Compressed Oops mode: Zero based, Oop shift amount: 3
Narrow klass base: 0x0000000000000000, Narrow klass shift: 3
Compressed class space size: 1073741824 Address: 0x00000007c0000000

Heap:
 PSYoungGen      total 223744K, used 66777K [0x000000076e180000, 0x000000077f380000, 0x00000007c0000000)
  eden space 217088K, 27% used [0x000000076e180000,0x0000000771c7e768,0x000000077b580000)
  from space 6656K, 95% used [0x000000077ed00000,0x000000077f338010,0x000000077f380000)
  to   space 11776K, 0% used [0x000000077dc80000,0x000000077dc80000,0x000000077e800000)
 ParOldGen       total 157696K, used 23150K [0x00000006ca400000, 0x00000006d3e00000, 0x000000076e180000)
  object space 157696K, 14% used [0x00000006ca400000,0x00000006cba9b8e8,0x00000006d3e00000)
 Metaspace       used 48398K, capacity 52186K, committed 52352K, reserved 1093632K
  class space    used 6466K, capacity 7274K, committed 7296K, reserved 1048576K

Card table byte_map: [0x0000000011fe0000,0x0000000012790000] byte_map_base: 0x000000000e98e000

Marking Bits: (ParMarkBitMap*) 0x0000000064ec3ce0
 Begin Bits: [0x00000000139b0000, 0x0000000017720000)
 End Bits:   [0x0000000017720000, 0x000000001b490000)

Polling page: 0x0000000000a50000

CodeCache: size=245760Kb used=18040Kb max_used=18040Kb free=227719Kb
 bounds [0x0000000002c20000, 0x0000000003dd0000, 0x0000000011c20000]
 total_blobs=9322 nmethods=8798 adapters=433
 compilation: enabled

Compilation events (10 events):
Event: 1908.590 Thread 0x000000001fd6c000 nmethod 8912 0x0000000003dbc390 code [0x0000000003dbc500, 0x0000000003dbc678]
Event: 1908.590 Thread 0x000000001fd67000 nmethod 8911 0x0000000003dbc750 code [0x0000000003dbc8c0, 0x0000000003dbcaf8]
Event: 1968.632 Thread 0x000000001fd74800 8913   !   1       org.apache.catalina.core.StandardContext::getManager (38 bytes)
Event: 1968.633 Thread 0x000000001fd74800 nmethod 8913 0x0000000003dbcc90 code [0x0000000003dbce40, 0x0000000003dbd158]
Event: 2008.659 Thread 0x000000001fd6c000 8914   !   1       org.apache.catalina.core.StandardContext::bind (168 bytes)
Event: 2008.659 Thread 0x000000001fd4e800 8915   !   1       org.apache.catalina.core.StandardContext::unbind (92 bytes)
Event: 2008.660 Thread 0x000000001fd4e800 nmethod 8915 0x0000000003dbd450 code [0x0000000003dbd640, 0x0000000003dbdd18]
Event: 2008.660 Thread 0x000000001fd6c000 nmethod 8914 0x0000000003dbe210 code [0x0000000003dbe460, 0x0000000003dbee88]
Event: 2289.434 Thread 0x000000001fd4e800 8916   !   1       java.util.concurrent.locks.AbstractQueuedSynchronizer::doAcquireInterruptibly (97 bytes)
Event: 2289.436 Thread 0x000000001fd4e800 nmethod 8916 0x0000000003dbf810 code [0x0000000003dbfa00, 0x0000000003dbff78]

GC Heap History (10 events):
Event: 1900.698 GC heap before
{Heap before GC invocations=33 (full 7):
 PSYoungGen      total 259072K, used 259008K [0x000000076e180000, 0x0000000781200000, 0x00000007c0000000)
  eden space 252928K, 100% used [0x000000076e180000,0x000000077d880000,0x000000077d880000)
  from space 6144K, 98% used [0x000000077fb80000,0x0000000780170010,0x0000000780180000)
  to   space 13824K, 0% used [0x0000000780480000,0x0000000780480000,0x0000000781200000)
 ParOldGen       total 157696K, used 23142K [0x00000006ca400000, 0x00000006d3e00000, 0x000000076e180000)
  object space 157696K, 14% used [0x00000006ca400000,0x00000006cba998e8,0x00000006d3e00000)
 Metaspace       used 48396K, capacity 52186K, committed 52352K, reserved 1093632K
  class space    used 6465K, capacity 7274K, committed 7296K, reserved 1048576K
Event: 1900.702 GC heap after
Heap after GC invocations=33 (full 7):
 PSYoungGen      total 251904K, used 6144K [0x000000076e180000, 0x0000000780b00000, 0x00000007c0000000)
  eden space 245248K, 0% used [0x000000076e180000,0x000000076e180000,0x000000077d100000)
  from space 6656K, 92% used [0x0000000780480000,0x0000000780a80010,0x0000000780b00000)
  to   space 13312K, 0% used [0x000000077f100000,0x000000077f100000,0x000000077fe00000)
 ParOldGen       total 157696K, used 23142K [0x00000006ca400000, 0x00000006d3e00000, 0x000000076e180000)
  object space 157696K, 14% used [0x00000006ca400000,0x00000006cba998e8,0x00000006d3e00000)
 Metaspace       used 48396K, capacity 52186K, committed 52352K, reserved 1093632K
  class space    used 6465K, capacity 7274K, committed 7296K, reserved 1048576K
}
Event: 2017.462 GC heap before
{Heap before GC invocations=34 (full 7):
 PSYoungGen      total 251904K, used 251392K [0x000000076e180000, 0x0000000780b00000, 0x00000007c0000000)
  eden space 245248K, 100% used [0x000000076e180000,0x000000077d100000,0x000000077d100000)
  from space 6656K, 92% used [0x0000000780480000,0x0000000780a80010,0x0000000780b00000)
  to   space 13312K, 0% used [0x000000077f100000,0x000000077f100000,0x000000077fe00000)
 ParOldGen       total 157696K, used 23142K [0x00000006ca400000, 0x00000006d3e00000, 0x000000076e180000)
  object space 157696K, 14% used [0x00000006ca400000,0x00000006cba998e8,0x00000006d3e00000)
 Metaspace       used 48396K, capacity 52186K, committed 52352K, reserved 1093632K
  class space    used 6465K, capacity 7274K, committed 7296K, reserved 1048576K
Event: 2017.465 GC heap after
Heap after GC invocations=34 (full 7):
 PSYoungGen      total 244224K, used 6176K [0x000000076e180000, 0x0000000780500000, 0x00000007c0000000)
  eden space 237568K, 0% used [0x000000076e180000,0x000000076e180000,0x000000077c980000)
  from space 6656K, 92% used [0x000000077f100000,0x000000077f708010,0x000000077f780000)
  to   space 12800K, 0% used [0x000000077f880000,0x000000077f880000,0x0000000780500000)
 ParOldGen       total 157696K, used 23150K [0x00000006ca400000, 0x00000006d3e00000, 0x000000076e180000)
  object space 157696K, 14% used [0x00000006ca400000,0x00000006cba9b8e8,0x00000006d3e00000)
 Metaspace       used 48396K, capacity 52186K, committed 52352K, reserved 1093632K
  class space    used 6465K, capacity 7274K, committed 7296K, reserved 1048576K
}
Event: 2131.115 GC heap before
{Heap before GC invocations=35 (full 7):
 PSYoungGen      total 244224K, used 243744K [0x000000076e180000, 0x0000000780500000, 0x00000007c0000000)
  eden space 237568K, 100% used [0x000000076e180000,0x000000077c980000,0x000000077c980000)
  from space 6656K, 92% used [0x000000077f100000,0x000000077f708010,0x000000077f780000)
  to   space 12800K, 0% used [0x000000077f880000,0x000000077f880000,0x0000000780500000)
 ParOldGen       total 157696K, used 23150K [0x00000006ca400000, 0x00000006d3e00000, 0x000000076e180000)
  object space 157696K, 14% used [0x00000006ca400000,0x00000006cba9b8e8,0x00000006d3e00000)
 Metaspace       used 48398K, capacity 52186K, committed 52352K, reserved 1093632K
  class space    used 6466K, capacity 7274K, committed 7296K, reserved 1048576K
Event: 2131.120 GC heap after
Heap after GC invocations=35 (full 7):
 PSYoungGen      total 237056K, used 6194K [0x000000076e180000, 0x000000077ff00000, 0x00000007c0000000)
  eden space 230400K, 0% used [0x000000076e180000,0x000000076e180000,0x000000077c280000)
  from space 6656K, 93% used [0x000000077f880000,0x000000077fe8cad0,0x000000077ff00000)
  to   space 12800K, 0% used [0x000000077e600000,0x000000077e600000,0x000000077f280000)
 ParOldGen       total 157696K, used 23150K [0x00000006ca400000, 0x00000006d3e00000, 0x000000076e180000)
  object space 157696K, 14% used [0x00000006ca400000,0x00000006cba9b8e8,0x00000006d3e00000)
 Metaspace       used 48398K, capacity 52186K, committed 52352K, reserved 1093632K
  class space    used 6466K, capacity 7274K, committed 7296K, reserved 1048576K
}
Event: 2240.945 GC heap before
{Heap before GC invocations=36 (full 7):
 PSYoungGen      total 237056K, used 236594K [0x000000076e180000, 0x000000077ff00000, 0x00000007c0000000)
  eden space 230400K, 100% used [0x000000076e180000,0x000000077c280000,0x000000077c280000)
  from space 6656K, 93% used [0x000000077f880000,0x000000077fe8cad0,0x000000077ff00000)
  to   space 12800K, 0% used [0x000000077e600000,0x000000077e600000,0x000000077f280000)
 ParOldGen       total 157696K, used 23150K [0x00000006ca400000, 0x00000006d3e00000, 0x000000076e180000)
  object space 157696K, 14% used [0x00000006ca400000,0x00000006cba9b8e8,0x00000006d3e00000)
 Metaspace       used 48398K, capacity 52186K, committed 52352K, reserved 1093632K
  class space    used 6466K, capacity 7274K, committed 7296K, reserved 1048576K
Event: 2240.950 GC heap after
Heap after GC invocations=36 (full 7):
 PSYoungGen      total 230400K, used 6272K [0x000000076e180000, 0x000000077f900000, 0x00000007c0000000)
  eden space 223744K, 0% used [0x000000076e180000,0x000000076e180000,0x000000077bc00000)
  from space 6656K, 94% used [0x000000077e600000,0x000000077ec20010,0x000000077ec80000)
  to   space 12288K, 0% used [0x000000077ed00000,0x000000077ed00000,0x000000077f900000)
 ParOldGen       total 157696K, used 23150K [0x00000006ca400000, 0x00000006d3e00000, 0x000000076e180000)
  object space 157696K, 14% used [0x00000006ca400000,0x00000006cba9b8e8,0x00000006d3e00000)
 Metaspace       used 48398K, capacity 52186K, committed 52352K, reserved 1093632K
  class space    used 6466K, capacity 7274K, committed 7296K, reserved 1048576K
}
Event: 2347.426 GC heap before
{Heap before GC invocations=37 (full 7):
 PSYoungGen      total 230400K, used 230016K [0x000000076e180000, 0x000000077f900000, 0x00000007c0000000)
  eden space 223744K, 100% used [0x000000076e180000,0x000000077bc00000,0x000000077bc00000)
  from space 6656K, 94% used [0x000000077e600000,0x000000077ec20010,0x000000077ec80000)
  to   space 12288K, 0% used [0x000000077ed00000,0x000000077ed00000,0x000000077f900000)
 ParOldGen       total 157696K, used 23150K [0x00000006ca400000, 0x00000006d3e00000, 0x000000076e180000)
  object space 157696K, 14% used [0x00000006ca400000,0x00000006cba9b8e8,0x00000006d3e00000)
 Metaspace       used 48398K, capacity 52186K, committed 52352K, reserved 1093632K
  class space    used 6466K, capacity 7274K, committed 7296K, reserved 1048576K
Event: 2347.430 GC heap after
Heap after GC invocations=37 (full 7):
 PSYoungGen      total 223744K, used 6368K [0x000000076e180000, 0x000000077f380000, 0x00000007c0000000)
  eden space 217088K, 0% used [0x000000076e180000,0x000000076e180000,0x000000077b580000)
  from space 6656K, 95% used [0x000000077ed00000,0x000000077f338010,0x000000077f380000)
  to   space 11776K, 0% used [0x000000077dc80000,0x000000077dc80000,0x000000077e800000)
 ParOldGen       total 157696K, used 23150K [0x00000006ca400000, 0x00000006d3e00000, 0x000000076e180000)
  object space 157696K, 14% used [0x00000006ca400000,0x00000006cba9b8e8,0x00000006d3e00000)
 Metaspace       used 48398K, capacity 52186K, committed 52352K, reserved 1093632K
  class space    used 6466K, capacity 7274K, committed 7296K, reserved 1048576K
}

Deoptimization events (0 events):
No events

Classes redefined (0 events):
No events

Internal exceptions (10 events):
Event: 968.470 Thread 0x0000000022b21800 Exception <a 'java/lang/ArrayIndexOutOfBoundsException'> (0x000000078091e3f8) thrown at [C:\workspace\8-2-build-windows-amd64-cygwin\jdk8u192\11897\hotspot\src\share\vm\runtime\sharedRuntime.cpp, line 605]
Event: 968.470 Thread 0x0000000022b21800 Exception <a 'java/lang/ArrayIndexOutOfBoundsException'> (0x0000000780922b20) thrown at [C:\workspace\8-2-build-windows-amd64-cygwin\jdk8u192\11897\hotspot\src\share\vm\runtime\sharedRuntime.cpp, line 605]
Event: 968.471 Thread 0x0000000022b21800 Exception <a 'java/lang/ArrayIndexOutOfBoundsException'> (0x0000000780925988) thrown at [C:\workspace\8-2-build-windows-amd64-cygwin\jdk8u192\11897\hotspot\src\share\vm\runtime\sharedRuntime.cpp, line 605]
Event: 968.471 Thread 0x0000000022b21800 Exception <a 'java/lang/ArrayIndexOutOfBoundsException'> (0x0000000780927b38) thrown at [C:\workspace\8-2-build-windows-amd64-cygwin\jdk8u192\11897\hotspot\src\share\vm\runtime\sharedRuntime.cpp, line 605]
Event: 968.471 Thread 0x0000000022b21800 Exception <a 'java/lang/ArrayIndexOutOfBoundsException'> (0x000000078092a730) thrown at [C:\workspace\8-2-build-windows-amd64-cygwin\jdk8u192\11897\hotspot\src\share\vm\runtime\sharedRuntime.cpp, line 605]
Event: 968.471 Thread 0x0000000022b21800 Exception <a 'java/lang/ArrayIndexOutOfBoundsException'> (0x000000078092cda0) thrown at [C:\workspace\8-2-build-windows-amd64-cygwin\jdk8u192\11897\hotspot\src\share\vm\runtime\sharedRuntime.cpp, line 605]
Event: 968.474 Thread 0x0000000022b21800 Exception <a 'java/lang/ArrayIndexOutOfBoundsException'> (0x00000007809f18e0) thrown at [C:\workspace\8-2-build-windows-amd64-cygwin\jdk8u192\11897\hotspot\src\share\vm\runtime\sharedRuntime.cpp, line 605]
Event: 968.474 Thread 0x0000000022b21800 Exception <a 'java/lang/ArrayIndexOutOfBoundsException'> (0x00000007809f2318) thrown at [C:\workspace\8-2-build-windows-amd64-cygwin\jdk8u192\11897\hotspot\src\share\vm\runtime\sharedRuntime.cpp, line 605]
Event: 968.474 Thread 0x0000000022b21800 Exception <a 'java/lang/ArrayIndexOutOfBoundsException'> (0x00000007809f4440) thrown at [C:\workspace\8-2-build-windows-amd64-cygwin\jdk8u192\11897\hotspot\src\share\vm\runtime\sharedRuntime.cpp, line 605]
Event: 968.474 Thread 0x0000000022b21800 Exception <a 'java/lang/ArrayIndexOutOfBoundsException'> (0x00000007809f5068) thrown at [C:\workspace\8-2-build-windows-amd64-cygwin\jdk8u192\11897\hotspot\src\share\vm\runtime\sharedRuntime.cpp, line 605]

Events (10 events):
Event: 2017.461 Executing VM operation: ParallelGCFailedAllocation
Event: 2017.465 Executing VM operation: ParallelGCFailedAllocation done
Event: 2048.681 loading class javax/servlet/http/HttpSessionEvent
Event: 2048.681 loading class javax/servlet/http/HttpSessionEvent done
Event: 2131.115 Executing VM operation: ParallelGCFailedAllocation
Event: 2131.120 Executing VM operation: ParallelGCFailedAllocation done
Event: 2240.945 Executing VM operation: ParallelGCFailedAllocation
Event: 2240.950 Executing VM operation: ParallelGCFailedAllocation done
Event: 2347.426 Executing VM operation: ParallelGCFailedAllocation
Event: 2347.430 Executing VM operation: ParallelGCFailedAllocation done


Dynamic libraries:
0x00007ff7eee90000 - 0x00007ff7eeec7000 	C:\Program Files\Java\jdk1.8.0_192\bin\java.exe
0x00007ffd6b510000 - 0x00007ffd6b724000 	C:\WINDOWS\SYSTEM32\ntdll.dll
0x00007ffd6a700000 - 0x00007ffd6a7c2000 	C:\WINDOWS\System32\KERNEL32.DLL
0x00007ffd68f40000 - 0x00007ffd692e3000 	C:\WINDOWS\System32\KERNELBASE.dll
0x00007ffd69b00000 - 0x00007ffd69bae000 	C:\WINDOWS\System32\ADVAPI32.dll
0x00007ffd69bb0000 - 0x00007ffd69c57000 	C:\WINDOWS\System32\msvcrt.dll
0x00007ffd6b050000 - 0x00007ffd6b0f4000 	C:\WINDOWS\System32\sechost.dll
0x00007ffd6a930000 - 0x00007ffd6aa47000 	C:\WINDOWS\System32\RPCRT4.dll
0x00007ffd6a550000 - 0x00007ffd6a6fb000 	C:\WINDOWS\System32\USER32.dll
0x00007ffd68c10000 - 0x00007ffd68c36000 	C:\WINDOWS\System32\win32u.dll
0x00007ffd6a1e0000 - 0x00007ffd6a209000 	C:\WINDOWS\System32\GDI32.dll
0x00007ffd68e20000 - 0x00007ffd68f39000 	C:\WINDOWS\System32\gdi32full.dll
0x00007ffd68980000 - 0x00007ffd68a1a000 	C:\WINDOWS\System32\msvcp_win.dll
0x00007ffd68d00000 - 0x00007ffd68e11000 	C:\WINDOWS\System32\ucrtbase.dll
0x00007ffd521b0000 - 0x00007ffd5243e000 	C:\WINDOWS\WinSxS\amd64_microsoft.windows.common-controls_6595b64144ccf1df_6.0.22621.1635_none_270f70857386168e\COMCTL32.dll
0x00007ffd6b010000 - 0x00007ffd6b041000 	C:\WINDOWS\System32\IMM32.DLL
0x0000000064f50000 - 0x0000000065021000 	C:\Program Files\Java\jdk1.8.0_192\jre\bin\msvcr100.dll
0x00000000646a0000 - 0x0000000064f43000 	C:\Program Files\Java\jdk1.8.0_192\jre\bin\server\jvm.dll
0x00007ffd6a920000 - 0x00007ffd6a928000 	C:\WINDOWS\System32\PSAPI.DLL
0x00007ffd5f580000 - 0x00007ffd5f5b4000 	C:\WINDOWS\SYSTEM32\WINMM.dll
0x00007ffd5dc10000 - 0x00007ffd5dc1a000 	C:\WINDOWS\SYSTEM32\VERSION.dll
0x00007ffd62250000 - 0x00007ffd62259000 	C:\WINDOWS\SYSTEM32\WSOCK32.dll
0x00007ffd6af80000 - 0x00007ffd6aff1000 	C:\WINDOWS\System32\WS2_32.dll
0x00007ffd63760000 - 0x00007ffd6376f000 	C:\Program Files\Java\jdk1.8.0_192\jre\bin\verify.dll
0x00007ffd08860000 - 0x00007ffd08889000 	C:\Program Files\Java\jdk1.8.0_192\jre\bin\java.dll
0x00007ffd59280000 - 0x00007ffd592a3000 	C:\Program Files\Java\jdk1.8.0_192\jre\bin\instrument.dll
0x00007ffd2a0d0000 - 0x00007ffd2a0e6000 	C:\Program Files\Java\jdk1.8.0_192\jre\bin\zip.dll
0x00007ffd692f0000 - 0x00007ffd69aea000 	C:\WINDOWS\System32\SHELL32.dll
0x00007ffd668c0000 - 0x00007ffd6718e000 	C:\WINDOWS\SYSTEM32\windows.storage.dll
0x00007ffd6abf0000 - 0x00007ffd6af79000 	C:\WINDOWS\System32\combase.dll
0x00007ffd66780000 - 0x00007ffd668be000 	C:\WINDOWS\SYSTEM32\wintypes.dll
0x00007ffd6a0e0000 - 0x00007ffd6a1d1000 	C:\WINDOWS\System32\SHCORE.dll
0x00007ffd6a210000 - 0x00007ffd6a26e000 	C:\WINDOWS\System32\shlwapi.dll
0x00007ffd68840000 - 0x00007ffd68861000 	C:\WINDOWS\SYSTEM32\profapi.dll
0x00007ffd5e060000 - 0x00007ffd5e07a000 	C:\tools\idea\IntelliJ IDEA 2022.3.3\bin\breakgen64.dll
0x00007ffd29df0000 - 0x00007ffd29e0a000 	C:\Program Files\Java\jdk1.8.0_192\jre\bin\net.dll
0x00007ffd67dd0000 - 0x00007ffd67e39000 	C:\WINDOWS\system32\mswsock.dll
0x00007ffd67460000 - 0x00007ffd67553000 	C:\WINDOWS\SYSTEM32\DNSAPI.dll
0x00007ffd67430000 - 0x00007ffd6745d000 	C:\WINDOWS\SYSTEM32\IPHLPAPI.DLL
0x00007ffd6a460000 - 0x00007ffd6a469000 	C:\WINDOWS\System32\NSI.dll
0x00007ffd608a0000 - 0x00007ffd608aa000 	C:\Windows\System32\rasadhlp.dll
0x00007ffd5f970000 - 0x00007ffd5f9f4000 	C:\WINDOWS\System32\fwpuclnt.dll
0x00007ffd62b50000 - 0x00007ffd62b5d000 	C:\Program Files\Java\jdk1.8.0_192\jre\bin\management.dll
0x00007ffd53070000 - 0x00007ffd53081000 	C:\Program Files\Java\jdk1.8.0_192\jre\bin\nio.dll
0x00007ffd68030000 - 0x00007ffd6804b000 	C:\WINDOWS\SYSTEM32\CRYPTSP.dll
0x00007ffd678b0000 - 0x00007ffd678e5000 	C:\WINDOWS\system32\rsaenh.dll
0x00007ffd67ed0000 - 0x00007ffd67ef8000 	C:\WINDOWS\SYSTEM32\USERENV.dll
0x00007ffd68260000 - 0x00007ffd68288000 	C:\WINDOWS\SYSTEM32\bcrypt.dll
0x00007ffd68a20000 - 0x00007ffd68a9b000 	C:\WINDOWS\System32\bcryptprimitives.dll
0x00007ffd68050000 - 0x00007ffd6805c000 	C:\WINDOWS\SYSTEM32\CRYPTBASE.dll
0x00007ffd61070000 - 0x00007ffd61089000 	C:\WINDOWS\SYSTEM32\dhcpcsvc6.DLL
0x00007ffd61230000 - 0x00007ffd6124f000 	C:\WINDOWS\SYSTEM32\dhcpcsvc.DLL
0x00007ffd5e150000 - 0x00007ffd5e167000 	C:\WINDOWS\system32\napinsp.dll
0x00007ffd5e130000 - 0x00007ffd5e14b000 	C:\WINDOWS\system32\pnrpnsp.dll
0x00007ffd53290000 - 0x00007ffd532a1000 	C:\WINDOWS\System32\winrnr.dll
0x00007ffd5fed0000 - 0x00007ffd5fee5000 	C:\WINDOWS\system32\wshbth.dll
0x00007ffd52cd0000 - 0x00007ffd52cf1000 	C:\WINDOWS\system32\nlansp_c.dll
0x00007ffd591c0000 - 0x00007ffd591e4000 	C:\Program Files\Java\jdk1.8.0_192\jre\bin\sunec.dll
0x00007ffd59270000 - 0x00007ffd5927b000 	C:\Program Files\Java\jdk1.8.0_192\jre\bin\sunmscapi.dll
0x00007ffd68aa0000 - 0x00007ffd68c07000 	C:\WINDOWS\System32\CRYPT32.dll
0x00007ffd660d0000 - 0x00007ffd662fe000 	C:\WINDOWS\SYSTEM32\dbghelp.dll
0x00007ffd6a2d0000 - 0x00007ffd6a3a7000 	C:\WINDOWS\System32\OLEAUT32.dll

VM Arguments:
jvm_args: -XX:TieredStopAtLevel=1 -Xverify:none -Dspring.output.ansi.enabled=always -Dcom.sun.management.jmxremote -Dspring.jmx.enabled=true -Dspring.liveBeansView.mbeanDomain -Dspring.application.admin.enabled=true -Dmanagement.endpoints.jmx.exposure.include=* -javaagent:C:\tools\idea\IntelliJ IDEA 2022.3.3\lib\idea_rt.jar=54924:C:\tools\idea\IntelliJ IDEA 2022.3.3\bin -Dfile.encoding=UTF-8 
java_command: com.kc.cloud_takeaway.CloudTakeawayApplication
java_class_path (initial): C:\Program Files\Java\jdk1.8.0_192\jre\lib\charsets.jar;C:\Program Files\Java\jdk1.8.0_192\jre\lib\deploy.jar;C:\Program Files\Java\jdk1.8.0_192\jre\lib\ext\access-bridge-64.jar;C:\Program Files\Java\jdk1.8.0_192\jre\lib\ext\cldrdata.jar;C:\Program Files\Java\jdk1.8.0_192\jre\lib\ext\dnsns.jar;C:\Program Files\Java\jdk1.8.0_192\jre\lib\ext\jaccess.jar;C:\Program Files\Java\jdk1.8.0_192\jre\lib\ext\jfxrt.jar;C:\Program Files\Java\jdk1.8.0_192\jre\lib\ext\localedata.jar;C:\Program Files\Java\jdk1.8.0_192\jre\lib\ext\nashorn.jar;C:\Program Files\Java\jdk1.8.0_192\jre\lib\ext\sunec.jar;C:\Program Files\Java\jdk1.8.0_192\jre\lib\ext\sunjce_provider.jar;C:\Program Files\Java\jdk1.8.0_192\jre\lib\ext\sunmscapi.jar;C:\Program Files\Java\jdk1.8.0_192\jre\lib\ext\sunpkcs11.jar;C:\Program Files\Java\jdk1.8.0_192\jre\lib\ext\zipfs.jar;C:\Program Files\Java\jdk1.8.0_192\jre\lib\javaws.jar;C:\Program Files\Java\jdk1.8.0_192\jre\lib\jce.jar;C:\Program Files\Java\jdk1.8.0_192\jre\lib\jfr.jar;C:\Program Files\Java\jdk1.8.0_192\jre\lib\jfxswt.jar;C:\Program Files\Java\jdk1.8.0_192\jre\lib\jsse.jar;C:\Program Files\Java\jdk1.8.0_192\jre\lib\management-agent.jar;C:\Program Files\Java\jdk1.8.0_192\jre\lib\plugin.jar;C:\Program Files\Java\jdk1.8.0_192\jre\lib\resources.jar;C:\Program Files\Java\jdk1.8.0_192\jre\lib\rt.jar;C:\code\mycode\Java\2023\project\cloud_takeaway\target\classes;C:\Users\929KC\.m2\repository\org\springframework\boot\spring-boot-starter-web\2.7.12\spring-boot-starter-web-2.7.12.jar;C:\Users\929KC\.m2\repository\org\springframework\boot\spring-boot-starter\2.7.12\spring-boot-starter-2.7.12.jar;C:\Users\929KC\.m2\repository\org\springframework\boot\spring-boot-starter-logging\2.7.12\spring-boot-starter-logging-2.7.12.jar;C:\Users\929KC\.m2\repository\ch\qos\logback\logback-classic\1.2.12\logback-classic-1.2.12.jar;C:\Users\929KC\.m2\repository\ch\qos\logback\logback-core\1.2.12\logback-core-1.2.12.jar;C:\Users\929KC\.m2\repository\org\apach
Launcher Type: SUN_STANDARD

Environment Variables:
JAVA_HOME=C:\Program Files\Java\jdk1.8.0_192
CLASSPATH=.;C:\Program Files\Java\jdk1.8.0_192\lib\dt.jar;C:\Program Files\Java\jdk1.8.0_192\lib\tools.jar
PATH=C:\Program Files (x86)\Common Files\Intel\Shared Libraries\redist\intel64\compiler;C:\tools\winrobot;C:\Program Files\Python311\Scripts\;C:\Program Files\Python311\;C:\Program Files\Microsoft\jdk-11.0.16.101-hotspot\bin;C:\Program Files (x86)\Common Files\Oracle\Java\javapath;C:\Program Files\Java\jdk1.8.0_192\bin;C:\WINDOWS\system32;C:\WINDOWS;C:\WINDOWS\System32\Wbem;C:\tools\protobuf\bin;C:\WINDOWS\System32\WindowsPowerShell\v1.0\;C:\WINDOWS\System32\OpenSSH\;C:\tools\xshell\;C:\tools\git\Git\cmd;C:\Program Files\Java\jdk1.8.0_192\jre\bin;C:\Program Files\MySQL\MySQL Server 5.7\bin;node_modules;C:\Program Files\Python311;C:\Program Files\Python311\Scripts;C:\tools\mingw\mingw64\bin;C:\Program Files\dotnet\;C:\Users\929KC\.cargo\bin;C:\tools\nvim-win64\bin;C:\tools\mingw\bin;C:\Users\929KC\.local\bin;%NVM_HOME%;%NVM_SYMLINK%;C:\tools\node\;C:\tools\node\node_global;C:\tools\node\node_modules;C:\tools\chrome_driver;C:\tools\winrobot;C:\Users\929KC\AppData\Local\Microsoft\WindowsApps;C:\tools\visualstudio\Microsoft VS Code\bin;C:\tools\fiddle\Fiddler;node_global;C:\tools\nvm\nvm;C:\tools\nodejs;C:\Users\929KC\AppData\Roaming\npm;C:\Users\929KC\AppData\Local\JetBrains\Toolbox\scripts;C:\Users\929KC\AppData\Local\atom\bin;C:\Users\929KC\AppData\Local\Pandoc\
USERNAME=929KC
OS=Windows_NT
PROCESSOR_IDENTIFIER=AMD64 Family 23 Model 104 Stepping 1, AuthenticAMD



---------------  S Y S T E M  ---------------

OS: Windows 10.0 , 64 bit Build 22621 (10.0.22621.1778)

CPU:total 16 (initial active 16) (16 cores per cpu, 1 threads per core) family 23 model 104 stepping 1, cmov, cx8, fxsr, mmx, sse, sse2, sse3, ssse3, sse4.1, sse4.2, popcnt, avx, avx2, aes, clmul, mmxext, 3dnowpref, lzcnt, sse4a, tsc, tscinvbit, tscinv, bmi1

Memory: 4k page, physical 16100156k(1585444k free), swap 27634492k(4901816k free)

vm_info: Java HotSpot(TM) 64-Bit Server VM (25.192-b12) for windows-amd64 JRE (1.8.0_192-b12), built on Oct  6 2018 17:12:23 by "java_re" with MS VC++ 10.0 (VS2010)

time: Tue Jun 20 15:22:29 2023
timezone: 中国标准时间
elapsed time: 2375 seconds (0d 0h 39m 35s)

